0 info it worked if it ends with ok
1 verbose cli [ '/usr/local/node/node-v0.10.33/bin/node',
1 verbose cli   '/usr/local/node/node-default/bin/npm',
1 verbose cli   'run',
1 verbose cli   'build-js' ]
2 info using npm@1.4.28
3 info using node@v0.10.33
4 verbose run-script [ 'prebuild-js', 'build-js', 'postbuild-js' ]
5 info prebuild-js DailyVoiceTestJS@0.0.1
6 info build-js DailyVoiceTestJS@0.0.1
7 verbose unsafe-perm in lifecycle true
8 info DailyVoiceTestJS@0.0.1 Failed to exec build-js script
9 error DailyVoiceTestJS@0.0.1 build-js: `browserify js/frontend.js > js/builds/frontend.js`
9 error Exit status 2
10 error Failed at the DailyVoiceTestJS@0.0.1 build-js script.
10 error This is most likely a problem with the DailyVoiceTestJS package,
10 error not with npm itself.
10 error Tell the author that this fails on your system:
10 error     browserify js/frontend.js > js/builds/frontend.js
10 error You can get their info via:
10 error     npm owner ls DailyVoiceTestJS
10 error There is likely additional logging output above.
11 error System Linux 3.13.0-40-generic
12 error command "/usr/local/node/node-v0.10.33/bin/node" "/usr/local/node/node-default/bin/npm" "run" "build-js"
13 error cwd /vagrant/projects/gr8notepad/static/js
14 error node -v v0.10.33
15 error npm -v 1.4.28
16 error code ELIFECYCLE
17 verbose exit [ 1, true ]
